<?xml version="1.0" encoding="UTF-8"?>
<!-- Generated by org.testng.reporters.JUnitReportReporter -->
<testsuite hostname="8F3XQT2" failures="0" tests="1" name="collection_details.collection_details" time="0.008" errors="0" timestamp="2023-09-11T06:55:47 IST" skipped="0">
  <testcase classname="collection_details.collection_details" name="collection_details" time="0.008"/>
  <system-out/>
</testsuite> <!-- collection_details.collection_details -->
