<?xml version="1.0" encoding="UTF-8"?>
<!-- Generated by org.testng.reporters.JUnitReportReporter -->
<testsuite hostname="8F3XQT2" failures="0" tests="1" name="Testcases.Login" time="2.972" errors="0" timestamp="2023-10-18T16:21:33 IST" skipped="0">
  <testcase classname="Testcases.Login" name="login" time="2.972"/>
  <system-out/>
</testsuite> <!-- Testcases.Login -->
