<?xml version="1.0" encoding="UTF-8"?>
<!-- Generated by org.testng.reporters.JUnitReportReporter -->
<testsuite hostname="8F3XQT2" failures="0" tests="1" name="Testcases.getpincode" time="1.686" errors="1" timestamp="2023-09-27T14:54:57 IST" skipped="0">
  <testcase classname="Testcases.getpincode" name="getpincode" time="1.686">
    <error message="com.fasterxml.jackson.databind.exc.UnrecognizedPropertyException: Unrecognized field &quot;Expressbees&quot; (class pinco.warehouse_data), not marked as ignorable (15 known properties: &quot;enabled&quot;, &quot;pincode&quot;, &quot;return_charge&quot;, &quot;created_at&quot;, &quot;paymentmethods&quot;, &quot;handling_charge&quot;, &quot;minimum_order_value&quot;, &quot;updated_at&quot;, &quot;selloship&quot;, &quot;_id&quot;, &quot;delivery_charge&quot;, &quot;expressbees&quot;, &quot;warehouse&quot;, &quot;codCharge&quot;, &quot;dtdc&quot;])
 at [Source: (String)&quot;{&quot;success&quot;:true,&quot;message&quot;:&quot;Address set successfully.&quot;,&quot;data&quot;:{&quot;warehouse_id&quot;:&quot;6495795cf46188a3a9adbaae&quot;,&quot;warehouse_data&quot;:[{&quot;_id&quot;:&quot;6495795cf46188a3a9adbaae&quot;,&quot;pincode&quot;:&quot;201302&quot;,&quot;Expressbees&quot;:{&quot;city&quot;:&quot;Kamareddy&quot;,&quot;state&quot;:&quot;TELANGANA&quot;,&quot;cod_delivery&quot;:true,&quot;prepaid_delivery&quot;:true,&quot;pickup&quot;:false,&quot;tat&quot;:&quot;5-8 days&quot;,&quot;remark&quot;:&quot;Rest of india&quot;,&quot;average&quot;:6.5},&quot;created_at&quot;:&quot;2023-06-23T16:23:49.760000&quot;,&quot;updated_at&quot;:&quot;2023-08-21T06:10:23.896000&quot;,&quot;delivery_charge&quot;:50,&quot;enabled&quot;:true,&quot;payment_methods&quot;:[{&quot;cod&quot;:true,&quot;wal&quot;[truncated 501 chars]; line: 1, column: 191] (through reference chain: Testcases.Pinncode[&quot;data&quot;]-&gt;pinco.Data[&quot;warehouse_data&quot;]-&gt;java.util.ArrayList[0]-&gt;pinco.warehouse_data[&quot;Expressbees&quot;])" type="java.lang.RuntimeException">
      <![CDATA[java.lang.RuntimeException: com.fasterxml.jackson.databind.exc.UnrecognizedPropertyException: Unrecognized field "Expressbees" (class pinco.warehouse_data), not marked as ignorable (15 known properties: "enabled", "pincode", "return_charge", "created_at", "paymentmethods", "handling_charge", "minimum_order_value", "updated_at", "selloship", "_id", "delivery_charge", "expressbees", "warehouse", "codCharge", "dtdc"])
 at [Source: (String)"{"success":true,"message":"Address set successfully.","data":{"warehouse_id":"6495795cf46188a3a9adbaae","warehouse_data":[{"_id":"6495795cf46188a3a9adbaae","pincode":"201302","Expressbees":{"city":"Kamareddy","state":"TELANGANA","cod_delivery":true,"prepaid_delivery":true,"pickup":false,"tat":"5-8 days","remark":"Rest of india","average":6.5},"created_at":"2023-06-23T16:23:49.760000","updated_at":"2023-08-21T06:10:23.896000","delivery_charge":50,"enabled":true,"payment_methods":[{"cod":true,"wal"[truncated 501 chars]; line: 1, column: 191] (through reference chain: Testcases.Pinncode["data"]->pinco.Data["warehouse_data"]->java.util.ArrayList[0]->pinco.warehouse_data["Expressbees"])
at io.restassured.internal.path.json.mapping.JsonPathJackson2ObjectDeserializer.deserialize(JsonPathJackson2ObjectDeserializer.java:30)
at io.restassured.path.json.mapping.JsonPathObjectDeserializer$deserialize.call(Unknown Source)
at org.codehaus.groovy.runtime.callsite.CallSiteArray.defaultCall(CallSiteArray.java:45)
at org.codehaus.groovy.runtime.callsite.AbstractCallSite.call(AbstractCallSite.java:125)
at org.codehaus.groovy.runtime.callsite.AbstractCallSite.call(AbstractCallSite.java:139)
at io.restassured.internal.mapping.Jackson2Mapper.deserialize(Jackson2Mapper.groovy:58)
at io.restassured.mapper.ObjectMapper$deserialize$0.call(Unknown Source)
at org.codehaus.groovy.runtime.callsite.CallSiteArray.defaultCall(CallSiteArray.java:45)
at org.codehaus.groovy.runtime.callsite.AbstractCallSite.call(AbstractCallSite.java:125)
at org.codehaus.groovy.runtime.callsite.AbstractCallSite.call(AbstractCallSite.java:139)
at io.restassured.internal.mapping.ObjectMapping.parseWithJackson2(ObjectMapping.groovy:254)
at io.restassured.internal.mapping.ObjectMapping$parseWithJackson2$1.callStatic(Unknown Source)
at org.codehaus.groovy.runtime.callsite.CallSiteArray.defaultCallStatic(CallSiteArray.java:53)
at org.codehaus.groovy.runtime.callsite.AbstractCallSite.callStatic(AbstractCallSite.java:217)
at org.codehaus.groovy.runtime.callsite.AbstractCallSite.callStatic(AbstractCallSite.java:240)
at io.restassured.internal.mapping.ObjectMapping.deserialize(ObjectMapping.groovy:56)
at io.restassured.internal.mapping.ObjectMapping$deserialize$0.call(Unknown Source)
at org.codehaus.groovy.runtime.callsite.CallSiteArray.defaultCall(CallSiteArray.java:45)
at org.codehaus.groovy.runtime.callsite.AbstractCallSite.call(AbstractCallSite.java:125)
at io.restassured.internal.RestAssuredResponseOptionsGroovyImpl.as(RestAssuredResponseOptionsGroovyImpl.groovy:229)
at io.restassured.internal.RestAssuredResponseOptionsImpl.as(RestAssuredResponseOptionsImpl.java:169)
at Testcases.getpincode.getpincode(getpincode.java:27)
at java.base/jdk.internal.reflect.NativeMethodAccessorImpl.invoke0(Native Method)
at java.base/jdk.internal.reflect.NativeMethodAccessorImpl.invoke(NativeMethodAccessorImpl.java:77)
at java.base/jdk.internal.reflect.DelegatingMethodAccessorImpl.invoke(DelegatingMethodAccessorImpl.java:43)
at java.base/java.lang.reflect.Method.invoke(Method.java:568)
at org.testng.internal.invokers.MethodInvocationHelper.invokeMethod(MethodInvocationHelper.java:139)
at org.testng.internal.invokers.TestInvoker.invokeMethod(TestInvoker.java:677)
at org.testng.internal.invokers.TestInvoker.invokeTestMethod(TestInvoker.java:221)
at org.testng.internal.invokers.MethodRunner.runInSequence(MethodRunner.java:50)
at org.testng.internal.invokers.TestInvoker$MethodInvocationAgent.invoke(TestInvoker.java:969)
at org.testng.internal.invokers.TestInvoker.invokeTestMethods(TestInvoker.java:194)
at org.testng.internal.invokers.TestMethodWorker.invokeTestMethods(TestMethodWorker.java:148)
at org.testng.internal.invokers.TestMethodWorker.run(TestMethodWorker.java:128)
at java.base/java.util.ArrayList.forEach(ArrayList.java:1511)
at org.testng.TestRunner.privateRun(TestRunner.java:829)
at org.testng.TestRunner.run(TestRunner.java:602)
at org.testng.SuiteRunner.runTest(SuiteRunner.java:437)
at org.testng.SuiteRunner.runSequentially(SuiteRunner.java:431)
at org.testng.SuiteRunner.privateRun(SuiteRunner.java:391)
at org.testng.SuiteRunner.run(SuiteRunner.java:330)
at org.testng.SuiteRunnerWorker.runSuite(SuiteRunnerWorker.java:52)
at org.testng.SuiteRunnerWorker.run(SuiteRunnerWorker.java:95)
at org.testng.TestNG.runSuitesSequentially(TestNG.java:1256)
at org.testng.TestNG.runSuitesLocally(TestNG.java:1176)
at org.testng.TestNG.runSuites(TestNG.java:1099)
at org.testng.TestNG.run(TestNG.java:1067)
at org.testng.remote.AbstractRemoteTestNG.run(AbstractRemoteTestNG.java:115)
at org.testng.remote.RemoteTestNG.initAndRun(RemoteTestNG.java:251)
at org.testng.remote.RemoteTestNG.main(RemoteTestNG.java:77)
Caused by: com.fasterxml.jackson.databind.exc.UnrecognizedPropertyException: Unrecognized field "Expressbees" (class pinco.warehouse_data), not marked as ignorable (15 known properties: "enabled", "pincode", "return_charge", "created_at", "paymentmethods", "handling_charge", "minimum_order_value", "updated_at", "selloship", "_id", "delivery_charge", "expressbees", "warehouse", "codCharge", "dtdc"])
 at [Source: (String)"{"success":true,"message":"Address set successfully.","data":{"warehouse_id":"6495795cf46188a3a9adbaae","warehouse_data":[{"_id":"6495795cf46188a3a9adbaae","pincode":"201302","Expressbees":{"city":"Kamareddy","state":"TELANGANA","cod_delivery":true,"prepaid_delivery":true,"pickup":false,"tat":"5-8 days","remark":"Rest of india","average":6.5},"created_at":"2023-06-23T16:23:49.760000","updated_at":"2023-08-21T06:10:23.896000","delivery_charge":50,"enabled":true,"payment_methods":[{"cod":true,"wal"[truncated 501 chars]; line: 1, column: 191] (through reference chain: Testcases.Pinncode["data"]->pinco.Data["warehouse_data"]->java.util.ArrayList[0]->pinco.warehouse_data["Expressbees"])
at com.fasterxml.jackson.databind.exc.UnrecognizedPropertyException.from(UnrecognizedPropertyException.java:61)
at com.fasterxml.jackson.databind.DeserializationContext.handleUnknownProperty(DeserializationContext.java:1138)
at com.fasterxml.jackson.databind.deser.std.StdDeserializer.handleUnknownProperty(StdDeserializer.java:2224)
at com.fasterxml.jackson.databind.deser.BeanDeserializerBase.handleUnknownProperty(BeanDeserializerBase.java:1709)
at com.fasterxml.jackson.databind.deser.BeanDeserializerBase.handleUnknownVanilla(BeanDeserializerBase.java:1687)
at com.fasterxml.jackson.databind.deser.BeanDeserializer.vanillaDeserialize(BeanDeserializer.java:320)
at com.fasterxml.jackson.databind.deser.BeanDeserializer.deserialize(BeanDeserializer.java:177)
at com.fasterxml.jackson.databind.deser.std.CollectionDeserializer._deserializeFromArray(CollectionDeserializer.java:359)
at com.fasterxml.jackson.databind.deser.std.CollectionDeserializer.deserialize(CollectionDeserializer.java:244)
at com.fasterxml.jackson.databind.deser.std.CollectionDeserializer.deserialize(CollectionDeserializer.java:28)
at com.fasterxml.jackson.databind.deser.impl.MethodProperty.deserializeAndSet(MethodProperty.java:129)
at com.fasterxml.jackson.databind.deser.BeanDeserializer.vanillaDeserialize(BeanDeserializer.java:314)
at com.fasterxml.jackson.databind.deser.BeanDeserializer.deserialize(BeanDeserializer.java:177)
at com.fasterxml.jackson.databind.deser.impl.MethodProperty.deserializeAndSet(MethodProperty.java:129)
at com.fasterxml.jackson.databind.deser.BeanDeserializer.vanillaDeserialize(BeanDeserializer.java:314)
at com.fasterxml.jackson.databind.deser.BeanDeserializer.deserialize(BeanDeserializer.java:177)
at com.fasterxml.jackson.databind.deser.DefaultDeserializationContext.readRootValue(DefaultDeserializationContext.java:323)
at com.fasterxml.jackson.databind.ObjectMapper._readMapAndClose(ObjectMapper.java:4825)
at com.fasterxml.jackson.databind.ObjectMapper.readValue(ObjectMapper.java:3772)
at io.restassured.internal.path.json.mapping.JsonPathJackson2ObjectDeserializer.deserialize(JsonPathJackson2ObjectDeserializer.java:28)
... 49 more
]]>
    </error>
  </testcase> <!-- getpincode -->
  <system-out/>
</testsuite> <!-- Testcases.getpincode -->
