<?xml version="1.0" encoding="UTF-8"?>
<!-- Generated by org.testng.reporters.JUnitReportReporter -->
<testsuite hostname="8F3XQT2" failures="0" tests="1" name="Testcases.Cookies_set" time="1.612" errors="0" timestamp="2023-09-26T10:04:45 IST" skipped="0">
  <testcase classname="Testcases.Cookies_set" name="CookiesSet" time="1.612"/>
  <system-out/>
</testsuite> <!-- Testcases.Cookies_set -->
